<?xml version="1.0" encoding="UTF-8"?>
<testsuites>
  <testsuite name="billing" tests="3" failures="2" skipped="0">
    <testcase classname="tests.admin.billing.BillingSpec" name="creates snapshot" file="tests/admin/billing/billing.spec.ts" />
    <testcase classname="tests.admin.billing.BillingSpec" name="edits toolbar action" file="tests/admin/billing/billing.spec.ts">
      <failure message="TimeoutError: locator.getByRole('button', { name: 'Save' }) not found" />
    </testcase>
    <testcase classname="tests.admin.billing.BillingSpec" name="publishes snapshot" file="tests/admin/billing/billing.spec.ts">
      <failure message="TimeoutError: locator.getByRole('button', { name: 'Publish' }) not found" />
    </testcase>
  </testsuite>
</testsuites>
